<?xml version="1.0" encoding="UTF-8"?>
<!-- Generated by org.testng.reporters.JUnitReportReporter -->
<testsuite hostname="SarahHasan" failures="0" tests="4" name="Book.BookStoreTest" time="0.168" errors="0" timestamp="2024-07-29T17:19:34 EET" skipped="0">
  <testcase classname="Book.BookStoreTest" name="testCartUpdatesCorrectlyWhenBookAdded" time="0.029"/>
  <system-out/>
  <testcase classname="Book.BookStoreTest" name="testAddBookToCart" time="0.103"/>
  <system-out/>
  <testcase classname="Book.BookStoreTest" name="testUserProceedToCheckout" time="0.030"/>
  <system-out/>
  <testcase classname="Book.BookStoreTest" name="testBookListDisplayedCorrectly" time="0.006"/>
  <system-out/>
</testsuite> <!-- Book.BookStoreTest -->
